[GIN-debug] [WARNING] Creating an Engine instance with the Logger and Recovery middleware already attached.

[GIN-debug] [WARNING] Running in "debug" mode. Switch to "release" mode in production.
 - using env:	export GIN_MODE=release
 - using code:	gin.SetMode(gin.ReleaseMode)

[GIN-debug] GET    /health                   --> main.main.func2 (4 handlers)
[GIN-debug] POST   /api/v1/products          --> sneaker-store/api-gateway/internal/handler.(*ProductHandler).CreateProduct-fm (4 handlers)
[GIN-debug] GET    /api/v1/products          --> sneaker-store/api-gateway/internal/handler.(*ProductHandler).ListProducts-fm (4 handlers)
[GIN-debug] GET    /api/v1/products/search   --> sneaker-store/api-gateway/internal/handler.(*ProductHandler).SearchProducts-fm (4 handlers)
[GIN-debug] GET    /api/v1/products/brands   --> sneaker-store/api-gateway/internal/handler.(*ProductHandler).GetBrands-fm (4 handlers)
[GIN-debug] GET    /api/v1/products/stats    --> sneaker-store/api-gateway/internal/handler.(*ProductHandler).GetProductStats-fm (4 handlers)
[GIN-debug] GET    /api/v1/products/low-stock --> sneaker-store/api-gateway/internal/handler.(*ProductHandler).GetLowStockProducts-fm (4 handlers)
[GIN-debug] GET    /api/v1/products/by-brand/:brand --> sneaker-store/api-gateway/internal/handler.(*ProductHandler).GetProductsByBrand-fm (4 handlers)
[GIN-debug] POST   /api/v1/products/bulk-delete --> sneaker-store/api-gateway/internal/handler.(*ProductHandler).BulkDeleteProducts-fm (4 handlers)
[GIN-debug] GET    /api/v1/products/:id      --> sneaker-store/api-gateway/internal/handler.(*ProductHandler).GetProduct-fm (4 handlers)
[GIN-debug] PUT    /api/v1/products/:id      --> sneaker-store/api-gateway/internal/handler.(*ProductHandler).UpdateProduct-fm (4 handlers)
[GIN-debug] DELETE /api/v1/products/:id      --> sneaker-store/api-gateway/internal/handler.(*ProductHandler).DeleteProduct-fm (4 handlers)
[GIN-debug] PATCH  /api/v1/products/:id/stock --> sneaker-store/api-gateway/internal/handler.(*ProductHandler).UpdateStock-fm (4 handlers)
[GIN-debug] POST   /api/v1/orders            --> sneaker-store/api-gateway/internal/handler.(*OrderHandler).CreateOrder-fm (4 handlers)
[GIN-debug] GET    /api/v1/orders            --> sneaker-store/api-gateway/internal/handler.(*OrderHandler).ListOrders-fm (4 handlers)
[GIN-debug] GET    /api/v1/orders/stats      --> sneaker-store/api-gateway/internal/handler.(*OrderHandler).GetOrderStats-fm (4 handlers)
[GIN-debug] GET    /api/v1/orders/revenue    --> sneaker-store/api-gateway/internal/handler.(*OrderHandler).GetTotalRevenue-fm (4 handlers)
[GIN-debug] GET    /api/v1/orders/by-status/:status --> sneaker-store/api-gateway/internal/handler.(*OrderHandler).GetOrdersByStatus-fm (4 handlers)
[GIN-debug] GET    /api/v1/orders/by-date    --> sneaker-store/api-gateway/internal/handler.(*OrderHandler).GetOrdersByDateRange-fm (4 handlers)
[GIN-debug] GET    /api/v1/orders/user/:user_id --> sneaker-store/api-gateway/internal/handler.(*OrderHandler).GetOrdersByUser-fm (4 handlers)
[GIN-debug] GET    /api/v1/orders/user/:user_id/count --> sneaker-store/api-gateway/internal/handler.(*OrderHandler).CountOrdersByUser-fm (4 handlers)
[GIN-debug] GET    /api/v1/orders/:id        --> sneaker-store/api-gateway/internal/handler.(*OrderHandler).GetOrder-fm (4 handlers)
[GIN-debug] GET    /api/v1/orders/:id/items  --> sneaker-store/api-gateway/internal/handler.(*OrderHandler).GetOrderItems-fm (4 handlers)
[GIN-debug] PATCH  /api/v1/orders/:id/status --> sneaker-store/api-gateway/internal/handler.(*OrderHandler).UpdateOrderStatus-fm (4 handlers)
[GIN-debug] DELETE /api/v1/orders/:id/cancel --> sneaker-store/api-gateway/internal/handler.(*OrderHandler).CancelOrder-fm (4 handlers)
[GIN-debug] POST   /api/v1/users             --> sneaker-store/api-gateway/internal/handler.(*UserHandler).CreateUser-fm (4 handlers)
[GIN-debug] POST   /api/v1/users/login       --> sneaker-store/api-gateway/internal/handler.(*UserHandler).Login-fm (4 handlers)
[GIN-debug] GET    /api/v1/users             --> sneaker-store/api-gateway/internal/handler.(*UserHandler).ListUsers-fm (4 handlers)
[GIN-debug] GET    /api/v1/users/search      --> sneaker-store/api-gateway/internal/handler.(*UserHandler).SearchUsers-fm (4 handlers)
[GIN-debug] GET    /api/v1/users/by-email    --> sneaker-store/api-gateway/internal/handler.(*UserHandler).GetUserByEmail-fm (4 handlers)
[GIN-debug] GET    /api/v1/users/stats       --> sneaker-store/api-gateway/internal/handler.(*UserHandler).GetUserStats-fm (4 handlers)
[GIN-debug] GET    /api/v1/users/:id         --> sneaker-store/api-gateway/internal/handler.(*UserHandler).GetUser-fm (4 handlers)
[GIN-debug] PUT    /api/v1/users/:id         --> sneaker-store/api-gateway/internal/handler.(*UserHandler).UpdateUser-fm (4 handlers)
[GIN-debug] DELETE /api/v1/users/:id         --> sneaker-store/api-gateway/internal/handler.(*UserHandler).DeleteUser-fm (4 handlers)
[GIN-debug] PATCH  /api/v1/users/:id/password --> sneaker-store/api-gateway/internal/handler.(*UserHandler).ChangePassword-fm (4 handlers)
[GIN-debug] PATCH  /api/v1/users/:id/password/reset --> sneaker-store/api-gateway/internal/handler.(*UserHandler).ResetPassword-fm (4 handlers)
[GIN-debug] PATCH  /api/v1/users/:id/status  --> sneaker-store/api-gateway/internal/handler.(*UserHandler).UpdateUserStatus-fm (4 handlers)
[GIN-debug] POST   /api/v1/ai/chat           --> sneaker-store/api-gateway/internal/handler.(*AIHandler).Chat-fm (4 handlers)
[GIN-debug] POST   /api/v1/ai/recommend      --> sneaker-store/api-gateway/internal/handler.(*AIHandler).Recommend-fm (4 handlers)
[GIN-debug] POST   /api/v1/ai/search-by-style --> sneaker-store/api-gateway/internal/handler.(*AIHandler).SearchByStyle-fm (4 handlers)
[GIN-debug] GET    /api/v1/ai/trending       --> sneaker-store/api-gateway/internal/handler.(*AIHandler).Trending-fm (4 handlers)
[GIN-debug] POST   /api/v1/admin/products    --> sneaker-store/api-gateway/internal/handler.(*ProductHandler).CreateProduct-fm (6 handlers)
[GIN-debug] GET    /api/v1/admin/products    --> sneaker-store/api-gateway/internal/handler.(*ProductHandler).ListProducts-fm (6 handlers)
[GIN-debug] GET    /api/v1/admin/products/low-stock --> sneaker-store/api-gateway/internal/handler.(*ProductHandler).GetLowStockProducts-fm (6 handlers)
[GIN-debug] GET    /api/v1/admin/products/stats --> sneaker-store/api-gateway/internal/handler.(*ProductHandler).GetProductStats-fm (6 handlers)
[GIN-debug] GET    /api/v1/admin/products/:id --> sneaker-store/api-gateway/internal/handler.(*ProductHandler).GetProduct-fm (6 handlers)
[GIN-debug] PUT    /api/v1/admin/products/:id --> sneaker-store/api-gateway/internal/handler.(*ProductHandler).UpdateProduct-fm (6 handlers)
[GIN-debug] DELETE /api/v1/admin/products/:id --> sneaker-store/api-gateway/internal/handler.(*ProductHandler).DeleteProduct-fm (6 handlers)
[GIN-debug] PATCH  /api/v1/admin/products/:id/stock --> sneaker-store/api-gateway/internal/handler.(*ProductHandler).UpdateStock-fm (6 handlers)
[GIN-debug] POST   /api/v1/admin/products/bulk-delete --> sneaker-store/api-gateway/internal/handler.(*ProductHandler).BulkDeleteProducts-fm (6 handlers)
[GIN-debug] GET    /api/v1/admin/orders      --> sneaker-store/api-gateway/internal/handler.(*OrderHandler).ListOrders-fm (6 handlers)
[GIN-debug] GET    /api/v1/admin/orders/stats --> sneaker-store/api-gateway/internal/handler.(*OrderHandler).GetOrderStats-fm (6 handlers)
[GIN-debug] GET    /api/v1/admin/orders/revenue --> sneaker-store/api-gateway/internal/handler.(*OrderHandler).GetTotalRevenue-fm (6 handlers)
[GIN-debug] GET    /api/v1/admin/orders/by-status/:status --> sneaker-store/api-gateway/internal/handler.(*OrderHandler).GetOrdersByStatus-fm (6 handlers)
[GIN-debug] GET    /api/v1/admin/orders/:id  --> sneaker-store/api-gateway/internal/handler.(*OrderHandler).GetOrder-fm (6 handlers)
[GIN-debug] GET    /api/v1/admin/orders/:id/items --> sneaker-store/api-gateway/internal/handler.(*OrderHandler).GetOrderItems-fm (6 handlers)
[GIN-debug] PATCH  /api/v1/admin/orders/:id/status --> sneaker-store/api-gateway/internal/handler.(*OrderHandler).UpdateOrderStatus-fm (6 handlers)
[GIN-debug] DELETE /api/v1/admin/orders/:id/cancel --> sneaker-store/api-gateway/internal/handler.(*OrderHandler).CancelOrder-fm (6 handlers)
[GIN-debug] GET    /api/v1/admin/users       --> sneaker-store/api-gateway/internal/handler.(*UserHandler).ListUsers-fm (6 handlers)
[GIN-debug] GET    /api/v1/admin/users/search --> sneaker-store/api-gateway/internal/handler.(*UserHandler).SearchUsers-fm (6 handlers)
[GIN-debug] GET    /api/v1/admin/users/stats --> sneaker-store/api-gateway/internal/handler.(*UserHandler).GetUserStats-fm (6 handlers)
[GIN-debug] GET    /api/v1/admin/users/:id   --> sneaker-store/api-gateway/internal/handler.(*UserHandler).GetUser-fm (6 handlers)
[GIN-debug] DELETE /api/v1/admin/users/:id   --> sneaker-store/api-gateway/internal/handler.(*UserHandler).DeleteUser-fm (6 handlers)
[GIN-debug] PATCH  /api/v1/admin/users/:id/status --> sneaker-store/api-gateway/internal/handler.(*UserHandler).UpdateUserStatus-fm (6 handlers)
[GIN-debug] PATCH  /api/v1/admin/users/:id/password/reset --> sneaker-store/api-gateway/internal/handler.(*UserHandler).ResetPassword-fm (6 handlers)
[GIN-debug] GET    /api/v1/admin/stats       --> main.main.func3 (6 handlers)
2026/05/17 18:34:45 api-gateway listening on :8080
[GIN-debug] [WARNING] You trusted all proxies, this is NOT safe. We recommend you to set a value.
Please check https://pkg.go.dev/github.com/gin-gonic/gin#readme-don-t-trust-all-proxies for details.
[GIN-debug] Listening and serving HTTP on :8080
[GIN] 2026/05/17 - 18:35:04 | 200 |  5.140378625s |             ::1 | GET      "/api/v1/products/brands"
[GIN] 2026/05/17 - 18:35:04 | 200 |   5.15789625s |             ::1 | GET      "/api/v1/products"
[GIN] 2026/05/17 - 18:35:57 | 200 | 15.234546459s |             ::1 | GET      "/api/v1/admin/stats"
[GIN] 2026/05/17 - 18:35:57 | 200 |    9.451625ms |             ::1 | GET      "/api/v1/admin/stats"
[GIN] 2026/05/17 - 18:36:02 | 200 |    87.25275ms |             ::1 | POST     "/api/v1/users/login"
[GIN] 2026/05/17 - 18:36:02 | 200 |    2.621167ms |             ::1 | GET      "/api/v1/admin/stats"
[GIN] 2026/05/17 - 18:36:02 | 200 |       1.805ms |             ::1 | GET      "/api/v1/admin/stats"
[GIN] 2026/05/17 - 18:36:21 | 200 |   14.700458ms |             ::1 | GET      "/api/v1/admin/products"
[GIN] 2026/05/17 - 18:36:21 | 200 |    3.418875ms |             ::1 | GET      "/api/v1/admin/products"
[GIN] 2026/05/17 - 18:36:49 | 200 |   74.789333ms |             ::1 | POST     "/api/v1/users/login"
[GIN] 2026/05/17 - 18:36:49 | 200 |    4.713041ms |             ::1 | GET      "/api/v1/admin/stats"
[GIN] 2026/05/17 - 18:36:49 | 200 |    2.156708ms |             ::1 | GET      "/api/v1/admin/stats"
[GIN] 2026/05/17 - 18:36:54 | 200 |    4.664625ms |             ::1 | GET      "/api/v1/admin/products"
[GIN] 2026/05/17 - 18:36:54 | 200 |    2.698667ms |             ::1 | GET      "/api/v1/admin/products"
[GIN] 2026/05/17 - 18:38:00 | 200 |    246.7395ms |             ::1 | GET      "/api/v1/admin/users"
[GIN] 2026/05/17 - 18:38:00 | 200 |  246.744042ms |             ::1 | GET      "/api/v1/admin/users"
[GIN] 2026/05/17 - 18:38:47 | 200 |    118.3205ms |             ::1 | POST     "/api/v1/users/login"
[GIN] 2026/05/17 - 18:38:47 | 200 |   41.510166ms |             ::1 | GET      "/api/v1/admin/stats"
[GIN] 2026/05/17 - 18:38:47 | 200 |    3.391166ms |             ::1 | GET      "/api/v1/admin/stats"
[GIN] 2026/05/17 - 18:38:52 | 200 |   29.071958ms |             ::1 | GET      "/api/v1/admin/products"
[GIN] 2026/05/17 - 18:38:52 | 200 |    1.798667ms |             ::1 | GET      "/api/v1/admin/products"
[GIN] 2026/05/17 - 18:39:09 | 200 |   58.369916ms |             ::1 | GET      "/api/v1/admin/orders"
[GIN] 2026/05/17 - 18:39:09 | 200 |    2.289833ms |             ::1 | GET      "/api/v1/admin/orders"
[GIN] 2026/05/17 - 18:39:16 | 200 |    6.295041ms |             ::1 | GET      "/api/v1/admin/users"
[GIN] 2026/05/17 - 18:39:16 | 200 |         810µs |             ::1 | GET      "/api/v1/admin/users"
[GIN] 2026/05/17 - 18:39:20 | 200 |      44.217ms |             ::1 | GET      "/api/v1/products/9ab80a6f-7742-4d22-9f10-635e5a3bc88a"
[GIN] 2026/05/17 - 18:43:26 | 200 |   33.706958ms |             ::1 | GET      "/api/v1/products"
[GIN] 2026/05/17 - 18:43:26 | 200 |   37.415333ms |             ::1 | GET      "/api/v1/products/brands"
[GIN] 2026/05/17 - 18:43:52 | 200 |  280.966292ms |             ::1 | GET      "/api/v1/products/a2bb1825-f351-4d1b-b79d-6f7efe94c360"
[GIN] 2026/05/17 - 18:44:08 | 200 |   16.870625ms |             ::1 | GET      "/api/v1/products"
[GIN] 2026/05/17 - 18:44:08 | 200 |    20.68025ms |             ::1 | GET      "/api/v1/products/brands"
[GIN] 2026/05/17 - 18:46:16 | 401 |   24.745042ms |             ::1 | POST     "/api/v1/users/login"
[GIN] 2026/05/17 - 18:46:53 | 200 |   89.902541ms |             ::1 | POST     "/api/v1/users/login"
[GIN] 2026/05/17 - 18:46:53 | 200 |   42.916958ms |             ::1 | GET      "/api/v1/admin/stats"
[GIN] 2026/05/17 - 18:46:53 | 200 |      2.6395ms |             ::1 | GET      "/api/v1/admin/stats"
[GIN] 2026/05/17 - 18:47:30 | 200 |   20.981208ms |             ::1 | GET      "/api/v1/admin/products"
[GIN] 2026/05/17 - 18:47:30 | 200 |    2.888166ms |             ::1 | GET      "/api/v1/admin/products"
[GIN] 2026/05/17 - 18:48:24 | 200 |   47.977708ms |             ::1 | PUT      "/api/v1/admin/products/a2bb1825-f351-4d1b-b79d-6f7efe94c360"
[GIN] 2026/05/17 - 18:48:24 | 200 |     2.24475ms |             ::1 | GET      "/api/v1/admin/products"
[GIN] 2026/05/17 - 18:48:46 | 200 |     9.44475ms |             ::1 | PATCH    "/api/v1/admin/products/a2bb1825-f351-4d1b-b79d-6f7efe94c360/stock"
[GIN] 2026/05/17 - 18:48:46 | 200 |    2.314042ms |             ::1 | GET      "/api/v1/admin/products"
[GIN] 2026/05/17 - 18:49:36 | 201 |    19.73525ms |             ::1 | POST     "/api/v1/admin/products"
[GIN] 2026/05/17 - 18:49:36 | 200 |    4.960833ms |             ::1 | GET      "/api/v1/admin/products"
[GIN] 2026/05/17 - 18:50:15 | 200 |   10.637958ms |             ::1 | DELETE   "/api/v1/admin/products/15846026-3785-406a-a3fa-bd280fb46ef3"
[GIN] 2026/05/17 - 18:50:15 | 200 |    2.219667ms |             ::1 | GET      "/api/v1/admin/products"
[GIN] 2026/05/17 - 18:52:14 | 201 |  157.091792ms |             ::1 | POST     "/api/v1/users"
[GIN] 2026/05/17 - 18:52:14 | 200 |   38.659917ms |             ::1 | GET      "/api/v1/products/brands"
[GIN] 2026/05/17 - 18:52:14 | 200 |    1.266125ms |             ::1 | GET      "/api/v1/products/brands"
[GIN] 2026/05/17 - 18:52:14 | 200 |   47.154375ms |             ::1 | GET      "/api/v1/products"
[GIN] 2026/05/17 - 18:52:14 | 200 |    3.751375ms |             ::1 | GET      "/api/v1/products"
[GIN] 2026/05/17 - 18:52:45 | 200 |     114.198ms |             ::1 | POST     "/api/v1/users/login"
[GIN] 2026/05/17 - 18:52:45 | 200 |   29.685333ms |             ::1 | GET      "/api/v1/users/410e977f-f37f-446b-bcfa-0b9d19ed67cb"
[GIN] 2026/05/17 - 18:52:45 | 200 |   11.658458ms |             ::1 | GET      "/api/v1/products"
[GIN] 2026/05/17 - 18:52:45 | 200 |    15.49025ms |             ::1 | GET      "/api/v1/products/brands"
[GIN] 2026/05/17 - 18:52:45 | 200 |    3.198208ms |             ::1 | GET      "/api/v1/products"
[GIN] 2026/05/17 - 18:52:45 | 200 |     1.77675ms |             ::1 | GET      "/api/v1/products/brands"
[GIN] 2026/05/17 - 18:55:11 | 200 |  129.435416ms |             ::1 | POST     "/api/v1/users/login"
[GIN] 2026/05/17 - 18:55:11 | 200 |    9.665042ms |             ::1 | GET      "/api/v1/users/410e977f-f37f-446b-bcfa-0b9d19ed67cb"
[GIN] 2026/05/17 - 18:55:11 | 200 |   11.341666ms |             ::1 | GET      "/api/v1/products/brands"
[GIN] 2026/05/17 - 18:55:11 | 200 |    1.169875ms |             ::1 | GET      "/api/v1/products/brands"
[GIN] 2026/05/17 - 18:55:11 | 200 |   16.523333ms |             ::1 | GET      "/api/v1/products"
[GIN] 2026/05/17 - 18:55:11 | 200 |    1.088125ms |             ::1 | GET      "/api/v1/products"
[GIN] 2026/05/17 - 18:55:41 | 200 |   21.333459ms |             ::1 | PUT      "/api/v1/users/410e977f-f37f-446b-bcfa-0b9d19ed67cb"
[GIN] 2026/05/17 - 18:56:33 | 200 |  137.809833ms |             ::1 | PATCH    "/api/v1/users/410e977f-f37f-446b-bcfa-0b9d19ed67cb/password"
[GIN] 2026/05/17 - 18:56:44 | 200 |   10.951334ms |             ::1 | GET      "/api/v1/admin/users"
[GIN] 2026/05/17 - 18:56:44 | 200 |    3.200542ms |             ::1 | GET      "/api/v1/admin/users"
[GIN] 2026/05/17 - 18:57:22 | 200 |    9.174208ms |             ::1 | GET      "/api/v1/admin/users/search?q=test"
[GIN] 2026/05/17 - 18:58:12 | 200 |    7.133958ms |             ::1 | PATCH    "/api/v1/admin/users/5b61c3c8-5ae3-476b-9dbf-1509e5abb225/status"
[GIN] 2026/05/17 - 18:58:12 | 200 |      796.75µs |             ::1 | GET      "/api/v1/admin/users"
[GIN] 2026/05/17 - 18:59:03 | 200 |    3.143417ms |             ::1 | GET      "/api/v1/admin/users"
[GIN] 2026/05/17 - 18:59:47 | 200 |   89.929125ms |             ::1 | PATCH    "/api/v1/admin/users/129ec802-96e0-4265-8a55-cacff7f7387b/password/reset"
[GIN] 2026/05/17 - 19:00:02 | 200 |    7.742666ms |             ::1 | DELETE   "/api/v1/admin/users/410e977f-f37f-446b-bcfa-0b9d19ed67cb"
[GIN] 2026/05/17 - 19:00:02 | 200 |       2.136ms |             ::1 | GET      "/api/v1/admin/users"
[GIN] 2026/05/17 - 19:00:48 | 201 |   85.520625ms |             ::1 | POST     "/api/v1/users"
[GIN] 2026/05/17 - 19:00:48 | 200 |   12.581125ms |             ::1 | GET      "/api/v1/products/brands"
[GIN] 2026/05/17 - 19:00:48 | 200 |     3.34975ms |             ::1 | GET      "/api/v1/products/brands"
[GIN] 2026/05/17 - 19:00:48 | 200 |   22.436292ms |             ::1 | GET      "/api/v1/products"
[GIN] 2026/05/17 - 19:00:48 | 200 |      1.0925ms |             ::1 | GET      "/api/v1/products"
[GIN] 2026/05/17 - 19:01:01 | 200 |   13.365542ms |             ::1 | GET      "/api/v1/products/a2bb1825-f351-4d1b-b79d-6f7efe94c360"
[GIN] 2026/05/17 - 19:02:49 | 201 |  369.220917ms |             ::1 | POST     "/api/v1/orders"
[GIN] 2026/05/17 - 19:03:32 | 200 |  1.121807042s |             ::1 | GET      "/api/v1/orders/user/0c4df82e-3c10-48b9-bb2e-b486025cca05"
[GIN] 2026/05/17 - 19:04:19 | 200 |     14.9455ms |             ::1 | GET      "/api/v1/admin/orders"
[GIN] 2026/05/17 - 19:04:19 | 200 |    5.366084ms |             ::1 | GET      "/api/v1/admin/orders"
[GIN] 2026/05/17 - 19:04:40 | 200 |     15.2915ms |             ::1 | PATCH    "/api/v1/admin/orders/4174103f-e30a-4dec-87e5-5dc51843801f/status"
[GIN] 2026/05/17 - 19:04:40 | 200 |    1.365333ms |             ::1 | GET      "/api/v1/admin/orders"
[GIN] 2026/05/17 - 19:05:14 | 200 |     6.69075ms |             ::1 | DELETE   "/api/v1/admin/orders/4174103f-e30a-4dec-87e5-5dc51843801f/cancel"
[GIN] 2026/05/17 - 19:05:14 | 200 |     1.94375ms |             ::1 | GET      "/api/v1/admin/orders"
[GIN] 2026/05/17 - 19:06:05 | 200 |   12.640584ms |             ::1 | GET      "/api/v1/products/brands"
[GIN] 2026/05/17 - 19:06:05 | 200 |   21.479375ms |             ::1 | GET      "/api/v1/products"
[GIN] 2026/05/17 - 19:06:38 | 200 |      10.343ms |             ::1 | GET      "/api/v1/products/brands"
[GIN] 2026/05/17 - 19:06:38 | 200 |   11.638125ms |             ::1 | GET      "/api/v1/products"
[GIN] 2026/05/17 - 19:07:17 | 200 |      6.1715ms |             ::1 | GET      "/api/v1/admin/products"
[GIN] 2026/05/17 - 19:07:17 | 200 |    4.272584ms |             ::1 | GET      "/api/v1/admin/products"
[GIN] 2026/05/17 - 19:07:28 | 200 |    7.065291ms |             ::1 | DELETE   "/api/v1/admin/products/7974f2a4-0e4c-4ba4-992c-cfe3b506c9d1"
[GIN] 2026/05/17 - 19:07:28 | 200 |    2.448917ms |             ::1 | GET      "/api/v1/admin/products"
[GIN] 2026/05/17 - 19:07:37 | 200 |    3.186084ms |             ::1 | GET      "/api/v1/products/brands"
[GIN] 2026/05/17 - 19:07:37 | 200 |    4.730708ms |             ::1 | GET      "/api/v1/products"
[GIN] 2026/05/17 - 19:07:53 | 200 |  5.262898125s |             ::1 | POST     "/api/v1/ai/chat"
[GIN] 2026/05/17 - 19:10:10 | 200 |  6.961826125s |             ::1 | POST     "/api/v1/ai/chat"
[GIN] 2026/05/17 - 19:10:17 | 200 |  6.690445625s |             ::1 | POST     "/api/v1/ai/recommend"
[GIN] 2026/05/17 - 19:10:28 | 200 |    4.160666ms |             ::1 | POST     "/api/v1/ai/chat"
[GIN] 2026/05/17 - 19:10:37 | 200 |  8.496821167s |             ::1 | POST     "/api/v1/ai/recommend"
[GIN] 2026/05/17 - 19:14:17 | 200 |  366.489833ms |             ::1 | GET      "/api/v1/orders/user/129ec802-96e0-4265-8a55-cacff7f7387b"
[GIN] 2026/05/17 - 19:14:21 | 200 |   226.21025ms |             ::1 | GET      "/api/v1/products/brands"
[GIN] 2026/05/17 - 19:14:21 | 200 |    226.2215ms |             ::1 | GET      "/api/v1/products/brands"
[GIN] 2026/05/17 - 19:14:21 | 200 |  262.936917ms |             ::1 | GET      "/api/v1/products"
[GIN] 2026/05/17 - 19:14:21 | 200 |  262.937625ms |             ::1 | GET      "/api/v1/products"
[GIN] 2026/05/17 - 19:14:38 | 200 |  321.230083ms |             ::1 | GET      "/api/v1/products/a2bb1825-f351-4d1b-b79d-6f7efe94c360"
[GIN] 2026/05/17 - 19:14:38 | 200 |  321.253125ms |             ::1 | GET      "/api/v1/products/a2bb1825-f351-4d1b-b79d-6f7efe94c360"
[GIN] 2026/05/17 - 19:14:58 | 200 |   39.663292ms |             ::1 | GET      "/api/v1/products"
[GIN] 2026/05/17 - 19:14:58 | 200 |   39.648666ms |             ::1 | GET      "/api/v1/products"
[GIN] 2026/05/17 - 19:14:58 | 200 |   62.052875ms |             ::1 | GET      "/api/v1/products/brands"
[GIN] 2026/05/17 - 19:14:58 | 200 |    62.04775ms |             ::1 | GET      "/api/v1/products/brands"
[GIN] 2026/05/17 - 19:15:01 | 200 |    7.559167ms |             ::1 | GET      "/api/v1/products/brands"
[GIN] 2026/05/17 - 19:15:01 | 200 |    8.422417ms |             ::1 | GET      "/api/v1/products"
[GIN] 2026/05/17 - 19:15:21 | 200 |   66.686083ms |             ::1 | GET      "/api/v1/admin/stats"
[GIN] 2026/05/17 - 19:15:21 | 200 |    75.06425ms |             ::1 | GET      "/api/v1/admin/stats"
[GIN] 2026/05/17 - 19:15:36 | 200 |   20.388166ms |             ::1 | GET      "/api/v1/admin/products"
[GIN] 2026/05/17 - 19:15:36 | 200 |   20.413625ms |             ::1 | GET      "/api/v1/admin/products"
[GIN] 2026/05/17 - 19:15:55 | 200 |   23.482041ms |             ::1 | PUT      "/api/v1/admin/products/27a9078a-5f2b-4b2b-ab61-2e6ad2628703"
[GIN] 2026/05/17 - 19:15:55 | 200 |    3.426708ms |             ::1 | GET      "/api/v1/admin/products"
[GIN] 2026/05/17 - 19:16:22 | 200 |   13.979708ms |             ::1 | PATCH    "/api/v1/admin/products/a2bb1825-f351-4d1b-b79d-6f7efe94c360/stock"
[GIN] 2026/05/17 - 19:16:22 | 200 |    3.631959ms |             ::1 | GET      "/api/v1/admin/products"
[GIN] 2026/05/17 - 19:16:36 | 200 |     3.34625ms |             ::1 | PATCH    "/api/v1/admin/products/a2bb1825-f351-4d1b-b79d-6f7efe94c360/stock"
[GIN] 2026/05/17 - 19:16:36 | 200 |    1.601125ms |             ::1 | GET      "/api/v1/admin/products"
[GIN] 2026/05/17 - 19:16:45 | 200 |    8.286666ms |             ::1 | PATCH    "/api/v1/admin/products/545f0698-b27b-4fda-8322-ab895683fdfd/stock"
[GIN] 2026/05/17 - 19:16:45 | 200 |     2.10275ms |             ::1 | GET      "/api/v1/admin/products"
[GIN] 2026/05/17 - 19:17:06 | 200 |   10.518917ms |             ::1 | GET      "/api/v1/products/brands"
[GIN] 2026/05/17 - 19:17:06 | 200 |   13.114166ms |             ::1 | GET      "/api/v1/products/brands"
[GIN] 2026/05/17 - 19:17:06 | 200 |      14.106ms |             ::1 | GET      "/api/v1/products"
[GIN] 2026/05/17 - 19:17:06 | 200 |    11.96375ms |             ::1 | GET      "/api/v1/products"
[GIN] 2026/05/17 - 19:19:01 | 200 |    61.52575ms |             ::1 | GET      "/api/v1/admin/stats"
[GIN] 2026/05/17 - 19:19:01 | 200 |   79.751458ms |             ::1 | GET      "/api/v1/admin/stats"
[GIN] 2026/05/17 - 19:19:16 | 200 |   19.829125ms |             ::1 | GET      "/api/v1/admin/users"
[GIN] 2026/05/17 - 19:19:16 | 200 |    20.21275ms |             ::1 | GET      "/api/v1/admin/users"
[GIN] 2026/05/17 - 19:19:20 | 200 |     13.4195ms |             ::1 | PATCH    "/api/v1/admin/users/0c4df82e-3c10-48b9-bb2e-b486025cca05/status"
[GIN] 2026/05/17 - 19:19:20 | 200 |    1.532834ms |             ::1 | GET      "/api/v1/admin/users"
[GIN] 2026/05/17 - 19:19:21 | 200 |    2.173375ms |             ::1 | PATCH    "/api/v1/admin/users/0c4df82e-3c10-48b9-bb2e-b486025cca05/status"
[GIN] 2026/05/17 - 19:19:21 | 200 |     734.834µs |             ::1 | GET      "/api/v1/admin/users"
[GIN] 2026/05/17 - 19:19:22 | 200 |    2.079292ms |             ::1 | PATCH    "/api/v1/admin/users/0c4df82e-3c10-48b9-bb2e-b486025cca05/status"
[GIN] 2026/05/17 - 19:19:22 | 200 |    1.211833ms |             ::1 | GET      "/api/v1/admin/users"
[GIN] 2026/05/17 - 19:19:23 | 200 |      2.3365ms |             ::1 | PATCH    "/api/v1/admin/users/0c4df82e-3c10-48b9-bb2e-b486025cca05/status"
[GIN] 2026/05/17 - 19:19:23 | 200 |     825.875µs |             ::1 | GET      "/api/v1/admin/users"
[GIN] 2026/05/17 - 19:19:37 | 200 |    5.586833ms |             ::1 | DELETE   "/api/v1/admin/users/0c4df82e-3c10-48b9-bb2e-b486025cca05"
[GIN] 2026/05/17 - 19:19:37 | 200 |     992.792µs |             ::1 | GET      "/api/v1/admin/users"
[GIN] 2026/05/17 - 19:19:56 | 200 |     40.8085ms |             ::1 | GET      "/api/v1/orders/user/129ec802-96e0-4265-8a55-cacff7f7387b"
[GIN] 2026/05/17 - 19:19:56 | 200 |   48.051625ms |             ::1 | GET      "/api/v1/orders/user/129ec802-96e0-4265-8a55-cacff7f7387b"
[GIN] 2026/05/17 - 19:20:10 | 200 |   11.182875ms |             ::1 | GET      "/api/v1/admin/stats"
[GIN] 2026/05/17 - 19:20:10 | 200 |   10.958209ms |             ::1 | GET      "/api/v1/admin/stats"
[GIN] 2026/05/17 - 19:20:11 | 200 |     4.72875ms |             ::1 | GET      "/api/v1/admin/orders"
[GIN] 2026/05/17 - 19:20:11 | 200 |    7.727917ms |             ::1 | GET      "/api/v1/admin/orders"
[GIN] 2026/05/17 - 19:20:52 | 200 |   16.740083ms |             ::1 | GET      "/api/v1/orders/user/129ec802-96e0-4265-8a55-cacff7f7387b"
[GIN] 2026/05/17 - 19:20:52 | 200 |   16.730875ms |             ::1 | GET      "/api/v1/orders/user/129ec802-96e0-4265-8a55-cacff7f7387b"
[GIN] 2026/05/17 - 19:21:43 | 200 |    9.853917ms |             ::1 | GET      "/api/v1/admin/stats"
[GIN] 2026/05/17 - 19:21:43 | 200 |   10.795292ms |             ::1 | GET      "/api/v1/admin/stats"
[GIN] 2026/05/17 - 19:21:44 | 200 |    2.557625ms |             ::1 | GET      "/api/v1/admin/orders"
[GIN] 2026/05/17 - 19:21:44 | 200 |    2.367709ms |             ::1 | GET      "/api/v1/admin/orders"
[GIN] 2026/05/17 - 19:30:09 | 200 |      38.465ms |             ::1 | GET      "/api/v1/products"
[GIN] 2026/05/17 - 19:30:09 | 200 |   50.080125ms |             ::1 | GET      "/api/v1/products/brands"
[GIN] 2026/05/17 - 19:35:10 | 200 |    48.94675ms |             ::1 | GET      "/api/v1/products/brands"
[GIN] 2026/05/17 - 19:35:10 | 200 |   62.734417ms |             ::1 | GET      "/api/v1/products"
[GIN] 2026/05/17 - 19:35:34 | 200 |   18.473625ms |             ::1 | GET      "/api/v1/products/by-brand/Nike"
[GIN] 2026/05/17 - 19:35:53 | 200 |   21.081042ms |             ::1 | GET      "/api/v1/products/search?brand=Nike&size=42"
[GIN] 2026/05/17 - 19:36:34 | 200 |  5.836347375s |             ::1 | POST     "/api/v1/ai/chat"
[GIN] 2026/05/17 - 19:36:49 | 200 |    14.092211s |             ::1 | GET      "/api/v1/ai/trending?limit=4"
[GIN] 2026/05/17 - 19:37:20 | 200 |  2.813698917s |             ::1 | POST     "/api/v1/ai/chat"
[GIN] 2026/05/17 - 19:37:28 | 200 |  8.132606125s |             ::1 | POST     "/api/v1/ai/search-by-style"
[GIN] 2026/05/17 - 19:38:09 | 401 |  115.445792ms |             ::1 | POST     "/api/v1/users/login"
[GIN] 2026/05/17 - 19:38:47 | 401 |   81.515542ms |             ::1 | POST     "/api/v1/users/login"
[GIN] 2026/05/17 - 19:38:55 | 200 |    1.490875ms |             ::1 | GET      "/health"
[GIN] 2026/05/17 - 19:38:55 | 401 |    76.12425ms |             ::1 | POST     "/api/v1/users/login"
[GIN] 2026/05/17 - 19:41:50 | 401 |   90.329541ms |             ::1 | POST     "/api/v1/users/login"
[GIN] 2026/05/17 - 19:43:01 | 401 |   97.664125ms |             ::1 | POST     "/api/v1/users/login"
[GIN] 2026/05/17 - 19:43:20 | 200 |    80.29975ms |             ::1 | POST     "/api/v1/users/login"
[GIN] 2026/05/17 - 19:43:36 | 200 |   84.177459ms |             ::1 | POST     "/api/v1/users/login"
[GIN] 2026/05/17 - 19:43:36 | 200 |   48.119209ms |             ::1 | GET      "/api/v1/admin/stats"
[GIN] 2026/05/17 - 19:43:36 | 200 |    2.662458ms |             ::1 | GET      "/api/v1/admin/stats"
[GIN] 2026/05/17 - 19:43:43 | 200 |   13.149208ms |             ::1 | GET      "/api/v1/admin/products"
[GIN] 2026/05/17 - 19:43:43 | 200 |    1.590542ms |             ::1 | GET      "/api/v1/admin/products"
[GIN] 2026/05/17 - 19:43:59 | 200 |   15.075041ms |             ::1 | GET      "/api/v1/admin/products/low-stock"
[GIN] 2026/05/17 - 19:44:16 | 200 |   13.132958ms |             ::1 | GET      "/api/v1/admin/orders"
[GIN] 2026/05/17 - 19:44:16 | 200 |      5.6365ms |             ::1 | GET      "/api/v1/admin/orders"
[GIN] 2026/05/17 - 19:44:31 | 200 |    9.613041ms |             ::1 | GET      "/api/v1/admin/orders/by-status/pending"
[GIN] 2026/05/17 - 19:45:24 | 400 |   12.809875ms |             ::1 | GET      "/api/v1/orders/by-date?from=2025-01-01&to=2026-12-31"
[GIN] 2026/05/17 - 19:46:09 | 200 |   28.169041ms |             ::1 | GET      "/api/v1/orders/by-date?from=2025-01-01T00%3A00%3A00Z&to=2026-12-31T23%3A59%3A59Z"
[GIN] 2026/05/17 - 19:46:24 | 200 |     7.02325ms |             ::1 | GET      "/api/v1/admin/orders"
[GIN] 2026/05/17 - 19:46:36 | 200 |   28.638958ms |             ::1 | GET      "/api/v1/admin/orders/4174103f-e30a-4dec-87e5-5dc51843801f/items"
[GIN] 2026/05/17 - 19:46:52 | 200 |   30.498541ms |             ::1 | GET      "/api/v1/admin/users"
[GIN] 2026/05/17 - 19:46:52 | 200 |    2.194958ms |             ::1 | GET      "/api/v1/admin/users"
[GIN] 2026/05/17 - 19:47:01 | 200 |     4.27025ms |             ::1 | GET      "/api/v1/users/by-email?email=admin%40sneakerstore.com"
[GIN] 2026/05/17 - 19:47:16 | 200 |    3.428542ms |             ::1 | GET      "/api/v1/admin/users"
[GIN] 2026/05/17 - 19:47:34 | 200 |   40.983666ms |             ::1 | GET      "/api/v1/orders/user/dab10c61-ebc5-4ea7-a4ad-80aea4339a57/count"
[GIN] 2026/05/17 - 19:47:52 | 200 |   97.582375ms |             ::1 | GET      "/api/v1/orders/user/0c4df82e-3c10-48b9-bb2e-b486025cca05"
[GIN] 2026/05/17 - 19:48:10 | 200 |   12.597792ms |             ::1 | GET      "/api/v1/orders/4174103f-e30a-4dec-87e5-5dc51843801f/items"
[GIN] 2026/05/17 - 19:48:10 | 200 |   36.427959ms |             ::1 | GET      "/api/v1/orders/4174103f-e30a-4dec-87e5-5dc51843801f"
[GIN] 2026/05/17 - 19:48:33 | 200 |    6.986541ms |             ::1 | GET      "/api/v1/orders/user/0c4df82e-3c10-48b9-bb2e-b486025cca05/count"
[GIN] 2026/05/17 - 19:49:19 | 200 |   29.877917ms |             ::1 | GET      "/api/v1/admin/products"
[GIN] 2026/05/17 - 19:49:19 | 200 |    2.228833ms |             ::1 | GET      "/api/v1/admin/products"
[GIN] 2026/05/17 - 19:49:42 | 200 |    86.36925ms |             ::1 | POST     "/api/v1/users/login"
[GIN] 2026/05/17 - 19:49:42 | 201 |   19.324542ms |             ::1 | POST     "/api/v1/admin/products"
[GIN] 2026/05/17 - 19:49:42 | 201 |    2.627833ms |             ::1 | POST     "/api/v1/admin/products"
[GIN] 2026/05/17 - 19:49:53 | 200 |   10.270084ms |             ::1 | GET      "/api/v1/admin/products"
[GIN] 2026/05/17 - 19:49:53 | 200 |    2.731083ms |             ::1 | GET      "/api/v1/admin/products"
[GIN] 2026/05/17 - 19:53:46 | 200 |   17.988208ms |             ::1 | POST     "/api/v1/admin/products/bulk-delete"
[GIN] 2026/05/17 - 19:53:46 | 200 |    1.733708ms |             ::1 | GET      "/api/v1/admin/products"
[GIN] 2026/05/17 - 23:31:21 | 200 |  163.197875ms |             ::1 | GET      "/api/v1/admin/orders"
